Arguments: 
  /usr/local/bin/node /usr/local/Cellar/yarn/1.9.2/libexec/bin/yarn.js add react-redux redux

PATH: 
  /usr/local/mysql/bin:/opt/local/bin:/opt/local/sbin:/usr/local/bin:/usr/bin:/bin:/usr/sbin:/sbin:/usr/local/share/dotnet:/opt/X11/bin:/Library/Frameworks/Mono.framework/Versions/Current/Commands:/usr/local/bin

Yarn version: 
  1.9.2

Node version: 
  9.6.0

Platform: 
  darwin x64

Trace: 
  Error: EACCES: permission denied, mkdir '/Users/astrosuf/Documents/reactProject/projects/PersonaGeneratorApp/node_modules/@babel/runtime'

npm manifest: 
  {
    "name": "my-new-project",
    "main": "node_modules/expo/AppEntry.js",
    "private": true,
    "scripts": {
      "start": "expo start",
      "android": "expo start --android",
      "ios": "expo start --ios",
      "eject": "expo eject",
      "test": "node ./node_modules/jest/bin/jest.js --watchAll"
    },
    "jest": {
      "preset": "jest-expo"
    },
    "dependencies": {
      "@expo/samples": "2.1.1",
      "axios": "^0.18.0",
      "expo": "^30.0.1",
      "lodash": "^4.17.11",
      "react": "16.3.1",
      "react-native": "https://github.com/expo/react-native/archive/sdk-30.0.0.tar.gz",
      "react-navigation": "^2.16.0"
    },
    "devDependencies": {
      "jest-expo": "30.0.0"
    }
  }

yarn manifest: 
  No manifest

Lockfile: 
  No lockfile
